<?xml version="1.0" encoding="UTF-8" ?>
<testsuite tests="29" failures="0" name="Utilities.TestRunner" time="1.412" errors="0" skipped="0">
  <properties>
    <property name="java.runtime.name" value="Java(TM) SE Runtime Environment"/>
    <property name="sun.boot.library.path" value="C:\Program Files\Java\jre1.8.0_161\bin"/>
    <property name="java.vm.version" value="25.161-b12"/>
    <property name="java.vm.vendor" value="Oracle Corporation"/>
    <property name="maven.multiModuleProjectDirectory" value="D:\VS-QAAutomation\PrintReach"/>
    <property name="java.vendor.url" value="http://java.oracle.com/"/>
    <property name="path.separator" value=";"/>
    <property name="guice.disable.misplaced.annotation.check" value="true"/>
    <property name="java.vm.name" value="Java HotSpot(TM) 64-Bit Server VM"/>
    <property name="file.encoding.pkg" value="sun.io"/>
    <property name="user.script" value=""/>
    <property name="user.country" value="IN"/>
    <property name="sun.java.launcher" value="SUN_STANDARD"/>
    <property name="sun.os.patch.level" value=""/>
    <property name="java.vm.specification.name" value="Java Virtual Machine Specification"/>
    <property name="user.dir" value="D:\VS-QAAutomation\PrintReach"/>
    <property name="java.runtime.version" value="1.8.0_161-b12"/>
    <property name="java.awt.graphicsenv" value="sun.awt.Win32GraphicsEnvironment"/>
    <property name="java.endorsed.dirs" value="C:\Program Files\Java\jre1.8.0_161\lib\endorsed"/>
    <property name="os.arch" value="amd64"/>
    <property name="java.io.tmpdir" value="C:\Users\SUMITK~1\AppData\Local\Temp\"/>
    <property name="line.separator" value="
"/>
    <property name="java.vm.specification.vendor" value="Oracle Corporation"/>
    <property name="user.variant" value=""/>
    <property name="os.name" value="Windows 10"/>
    <property name="classworlds.conf" value="D:\VS-QAAutomation\.metadata\.plugins\org.eclipse.m2e.launching\launches\m2conf3863349971752419518.tmp"/>
    <property name="sun.jnu.encoding" value="Cp1252"/>
    <property name="java.library.path" value="C:\Program Files\Java\jre1.8.0_161\bin;C:\WINDOWS\Sun\Java\bin;C:\WINDOWS\system32;C:\WINDOWS;C:/Program Files/Java/jre1.8.0_161/bin/server;C:/Program Files/Java/jre1.8.0_161/bin;C:/Program Files/Java/jre1.8.0_161/lib/amd64;C:\ProgramData\Oracle\Java\javapath;C:\WINDOWS\system32;C:\WINDOWS;C:\WINDOWS\System32\Wbem;C:\WINDOWS\System32\WindowsPowerShell\v1.0\;C:\WINDOWS\System32\OpenSSH\;C:\Program Files\TortoiseSVN\bin;C:\Program Files\Git\cmd;C:\Program Files\Microsoft SQL Server\Client SDK\ODBC\130\Tools\Binn\;C:\Program Files (x86)\Microsoft SQL Server\140\Tools\Binn\;C:\Program Files\Microsoft SQL Server\140\Tools\Binn\;C:\Program Files\Microsoft SQL Server\140\DTS\Binn\;C:\Program Files\MySQL\MySQL Shell 8.0\bin\;C:\Users\Sumit Kumar Singh\AppData\Local\Microsoft\WindowsApps;C:\Users\Sumit Kumar Singh\AppData\Local\Programs\Azure Data Studio\bin;C:\SELENIUM\Selenium Setup\Eclipse\eclipse-java-mars-2-win32-x86_64\eclipse;;."/>
    <property name="java.specification.name" value="Java Platform API Specification"/>
    <property name="java.class.version" value="52.0"/>
    <property name="sun.management.compiler" value="HotSpot 64-Bit Tiered Compilers"/>
    <property name="os.version" value="10.0"/>
    <property name="user.home" value="C:\Users\Sumit Kumar Singh"/>
    <property name="user.timezone" value="Asia/Calcutta"/>
    <property name="java.awt.printerjob" value="sun.awt.windows.WPrinterJob"/>
    <property name="java.specification.version" value="1.8"/>
    <property name="file.encoding" value="Cp1252"/>
    <property name="user.name" value="Sumit Kumar Singh"/>
    <property name="java.class.path" value="/C:/SELENIUM/Selenium Setup/Eclipse/eclipse-java-mars-2-win32-x86_64/eclipse/plugins/org.eclipse.m2e.maven.runtime_1.7.0.20160603-1931/jars/plexus-classworlds-2.5.2.jar"/>
    <property name="java.vm.specification.version" value="1.8"/>
    <property name="sun.arch.data.model" value="64"/>
    <property name="java.home" value="C:\Program Files\Java\jre1.8.0_161"/>
    <property name="sun.java.command" value="org.codehaus.plexus.classworlds.launcher.Launcher -B test"/>
    <property name="java.specification.vendor" value="Oracle Corporation"/>
    <property name="user.language" value="en"/>
    <property name="awt.toolkit" value="sun.awt.windows.WToolkit"/>
    <property name="java.vm.info" value="mixed mode"/>
    <property name="java.version" value="1.8.0_161"/>
    <property name="java.ext.dirs" value="C:\Program Files\Java\jre1.8.0_161\lib\ext;C:\WINDOWS\Sun\Java\lib\ext"/>
    <property name="sun.boot.class.path" value="C:\Program Files\Java\jre1.8.0_161\lib\resources.jar;C:\Program Files\Java\jre1.8.0_161\lib\rt.jar;C:\Program Files\Java\jre1.8.0_161\lib\sunrsasign.jar;C:\Program Files\Java\jre1.8.0_161\lib\jsse.jar;C:\Program Files\Java\jre1.8.0_161\lib\jce.jar;C:\Program Files\Java\jre1.8.0_161\lib\charsets.jar;C:\Program Files\Java\jre1.8.0_161\lib\jfr.jar;C:\Program Files\Java\jre1.8.0_161\classes"/>
    <property name="java.vendor" value="Oracle Corporation"/>
    <property name="maven.home" value="D:\VS-QAAutomation\PrintReach\EMBEDDED"/>
    <property name="file.separator" value="\"/>
    <property name="java.vendor.url.bug" value="http://bugreport.sun.com/bugreport/"/>
    <property name="sun.cpu.endian" value="little"/>
    <property name="sun.io.unicode.encoding" value="UnicodeLittle"/>
    <property name="sun.desktop" value="windows"/>
    <property name="sun.cpu.isalist" value="amd64"/>
  </properties>
  <testcase classname="Scenario: Open an Estimate. Update Qty from line item and Verify new Total and Taxes." name="Given I login to Application" time="0.005"/>
  <testcase classname="Scenario: Open an Estimate. Update Qty from line item and Verify new Total and Taxes." name="And I click on &quot;Login.SignIn&quot;" time="0"/>
  <testcase classname="Scenario: Open an Estimate. Update Qty from line item and Verify new Total and Taxes." name="Then I verify &quot;Common.LandingPage&quot;" time="0.005"/>
  <testcase classname="Scenario: Open an Estimate. Update Qty from line item and Verify new Total and Taxes." name="When I click on &quot;Common.Estimates&quot;" time="0"/>
  <testcase classname="Scenario: Open an Estimate. Update Qty from line item and Verify new Total and Taxes." name="And I wait for &quot;1&quot; seconds" time="0"/>
  <testcase classname="Scenario: Open an Estimate. Update Qty from line item and Verify new Total and Taxes." name="And I verify &quot;Estimates.EstimateSearchPage&quot;" time="0"/>
  <testcase classname="Scenario: Open an Estimate. Update Qty from line item and Verify new Total and Taxes." name="And I click on &quot;Common.ClearFilters&quot;" time="0"/>
  <testcase classname="Scenario: Open an Estimate. Update Qty from line item and Verify new Total and Taxes." name="And I wait for &quot;1&quot; seconds" time="0"/>
  <testcase classname="Scenario: Open an Estimate. Update Qty from line item and Verify new Total and Taxes." name="And I click on &quot;Estimates.EstimateNumberCreated&quot;" time="0"/>
  <testcase classname="Scenario: Open an Estimate. Update Qty from line item and Verify new Total and Taxes." name="And I wait till &quot;Common.Loading&quot; is &quot;Invisible&quot;" time="0"/>
  <testcase classname="Scenario: Open an Estimate. Update Qty from line item and Verify new Total and Taxes." name="And I verify &quot;Estimates.CustomerInputBox&quot;" time="0"/>
  <testcase classname="Scenario: Open an Estimate. Update Qty from line item and Verify new Total and Taxes." name="And I wait for &quot;2&quot; seconds" time="0"/>
  <testcase classname="Scenario: Open an Estimate. Update Qty from line item and Verify new Total and Taxes." name="Then I click on &quot;Data:Common.DepartmentMenu&quot;" time="0"/>
  <testcase classname="Scenario: Open an Estimate. Update Qty from line item and Verify new Total and Taxes." name="And I wait till &quot;Common.Loading&quot; is &quot;Invisible&quot;" time="0"/>
  <testcase classname="Scenario: Open an Estimate. Update Qty from line item and Verify new Total and Taxes." name="And I clear the text &quot;0:Common.QuantityTextBox&quot;" time="0"/>
  <testcase classname="Scenario: Open an Estimate. Update Qty from line item and Verify new Total and Taxes." name="And I wait for &quot;2&quot; seconds" time="0"/>
  <testcase classname="Scenario: Open an Estimate. Update Qty from line item and Verify new Total and Taxes." name="And I enter &quot;588.321&quot; in &quot;0:Common.QuantityTextBox&quot;" time="0"/>
  <testcase classname="Scenario: Open an Estimate. Update Qty from line item and Verify new Total and Taxes." name="And I wait for &quot;2&quot; seconds" time="0"/>
  <testcase classname="Scenario: Open an Estimate. Update Qty from line item and Verify new Total and Taxes." name="And I click on &quot;0:Common.UnitPriceTextBox&quot;" time="0"/>
  <testcase classname="Scenario: Open an Estimate. Update Qty from line item and Verify new Total and Taxes." name="And I verify &quot;Keep existing Unit Price?:Common.UnitPricePopUp&quot;" time="0"/>
  <testcase classname="Scenario: Open an Estimate. Update Qty from line item and Verify new Total and Taxes." name="And I wait for &quot;5&quot; seconds" time="0"/>
  <testcase classname="Scenario: Open an Estimate. Update Qty from line item and Verify new Total and Taxes." name="And I click on &quot;Common.UnitPriceUpdateNoBtn&quot;" time="0"/>
  <testcase classname="Scenario: Open an Estimate. Update Qty from line item and Verify new Total and Taxes." name="And I wait for &quot;2&quot; seconds" time="0"/>
  <testcase classname="Scenario: Open an Estimate. Update Qty from line item and Verify new Total and Taxes." name="And I click on &quot;Save:Common.Button&quot;" time="0"/>
  <testcase classname="Scenario: Open an Estimate. Update Qty from line item and Verify new Total and Taxes." name="And I wait for &quot;1&quot; seconds" time="0"/>
  <testcase classname="Scenario: Open an Estimate. Update Qty from line item and Verify new Total and Taxes." name="Then checked &quot;13469.15&quot; in &quot;Total &amp; Tax:Common.TotalAndTaxes&quot;" time="0"/>
  <testcase classname="Scenario: Open an Estimate. Update Qty from line item and Verify new Total and Taxes." name="And I click on &quot;Save &amp; Close:Common.Button&quot;" time="0"/>
  <testcase classname="Scenario: Open an Estimate. Update Qty from line item and Verify new Total and Taxes." name="And I click on &quot;Common.Estimates&quot;" time="0"/>
  <testcase classname="Scenario: Open an Estimate. Update Qty from line item and Verify new Total and Taxes." name="Scenario: Open an Estimate. Update Qty from line item and Verify new Total and Taxes." time="1.402"/>
</testsuite>